VM620:2 10
VM1152:2 20
function sub(a,b){
    console.log(a-b);
}
function calculate(a , b , sub){
    const ans = a+b;
    sub(ans,10);
}
undefined
calculate(10,20,sub);
VM1285:2 20
undefined
let arr = [1,2,3,4,5];
undefined
arr;
(5) [1, 2, 3, 4, 5]
arr.forEach((ele)=>console.log(ele));
VM1470:1 1
VM1470:1 2
VM1470:1 3
VM1470:1 4
VM1470:1 5
undefined
arr.map((ele)=>ele+1);
(5) [2, 3, 4, 5, 6]0: 21: 32: 43: 54: 6length: 5[[Prototype]]: Array(0)
arr.map((ele)=>`${ele}`);
(5) ['1', '2', '3', '4', '5']
arr.filter((ele)=>ele>2);
(3) [3, 4, 5]
arr.reduce((acc,ele)=>acc+ele);
15
arr.reduce((acc,ele)=>acc*ele);
120
//Spread Operator
undefined
let arr1 = [7,8,9,0];
undefined
let newArr = [...arr,...arr1];
undefined
newArr;
(9) [1, 2, 3, 4, 5, 7, 8, 9, 0]0: 11: 22: 33: 44: 55: 76: 87: 98: 0length: 9[[Prototype]]: Array(0)
// rest Arguments 
undefined
function add(a,b,...args){
    console.log(args);
    return a+b;
}
undefined
add(10,20,30,40,50,60);
VM2134:2 (4) [30, 40, 50, 60]
30
function add(...args){
    console.log(args);
    return args.reduce((acc,ele)=>acc+ele);
}
undefined
add(10,20,30,40,50,60);
VM2280:2 (6) [10, 20, 30, 40, 50, 60]
210
{
  let x = 10;  
}
undefined
console.log(x);
VM2365:1 Uncaught ReferenceError: x is not defined
    at <anonymous>:1:13
(anonymous) @ VM2365:1
for(let a= 0;)
VM2398:1 Uncaught SyntaxError: Unexpected token ')'
for(let a= 0;a<10;a++){
    console.log(a);
}
VM2441:2 0
VM2441:2 1
VM2441:2 2
VM2441:2 3
VM2441:2 4
VM2441:2 5
VM2441:2 6
VM2441:2 7
VM2441:2 8
VM2441:2 9
undefined
//Closure
undefined
add(10,20);
VM2280:2 (2) [10, 20]
30
add(10,20,30);

VM2280:2 (3) [10, 20, 30]
60
function outer(a){
    function inner(b){
        function deep(c){
            console.log(c);
            console.log(b);
            console.log(a);
        }
    }
}
undefined
function outer(a){
    function inner(b){
        function deep(c){
            console.log(c);
            console.log(b);
            console.log(a);
            
        }
        return deep;
    }
    return inner;
}
undefined
console.log(outer(10)(20)(30));
VM2811:4 30
VM2811:5 20
VM2811:6 10
VM2960:1 undefined
undefined
